2017-04-24 18:00:31,782 [14180] DEBUG DefaultBootstrap - The server instance GameService has been created!
2017-04-24 18:00:31,819 [14180] DEBUG DefaultBootstrap - The server instance GameService has been initialized!
2017-04-24 18:00:33,051 [14180] DEBUG DefaultBootstrap - The PerformanceMonitor has been initialized!
2017-04-24 18:00:33,051 [14180] DEBUG DefaultBootstrap - The Bootstrap has been initialized!
2017-04-24 18:00:33,063 [14180] DEBUG GameService - Listener (0.0.0.0:2012) was started
2017-04-24 18:00:33,068 [14180] DEBUG DefaultBootstrap - The PerformanceMonitor has been started!
2017-04-24 18:07:12,506 [14180] DEBUG GameService - Listener (0.0.0.0:2012) was stoppped
2017-04-24 18:07:12,529 [14180] DEBUG DefaultBootstrap - The PerformanceMonitor has been stoppped!
2017-04-24 21:09:47,968 [12792] DEBUG DefaultBootstrap - The server instance GameService has been created!
2017-04-24 21:09:48,003 [12792] DEBUG DefaultBootstrap - The server instance GameService has been initialized!
2017-04-24 21:09:49,098 [12792] DEBUG DefaultBootstrap - The PerformanceMonitor has been initialized!
2017-04-24 21:09:49,098 [12792] DEBUG DefaultBootstrap - The Bootstrap has been initialized!
2017-04-24 21:09:49,107 [12792] DEBUG GameService - Listener (0.0.0.0:2012) was started
2017-04-24 21:09:49,112 [12792] DEBUG DefaultBootstrap - The PerformanceMonitor has been started!
2017-04-24 21:09:55,927 [3664] DEBUG DefaultBootstrap - The server instance GameService has been created!
2017-04-24 21:09:55,962 [3664] DEBUG DefaultBootstrap - The server instance GameService has been initialized!
2017-04-24 21:09:57,050 [3664] DEBUG DefaultBootstrap - The PerformanceMonitor has been initialized!
2017-04-24 21:09:57,050 [3664] DEBUG DefaultBootstrap - The Bootstrap has been initialized!
2017-04-24 21:09:57,059 [3664] DEBUG GameService - Listener (0.0.0.0:2012) was started
2017-04-24 21:09:57,064 [3664] DEBUG DefaultBootstrap - The PerformanceMonitor has been started!
2017-04-24 21:33:50,117 [13252] DEBUG DefaultBootstrap - The server instance GameService has been created!
2017-04-24 21:33:50,151 [13252] DEBUG DefaultBootstrap - The server instance GameService has been initialized!
2017-04-24 21:33:51,376 [13252] DEBUG DefaultBootstrap - The PerformanceMonitor has been initialized!
2017-04-24 21:33:51,376 [13252] DEBUG DefaultBootstrap - The Bootstrap has been initialized!
2017-04-24 21:33:51,386 [13252] DEBUG GameService - Listener (0.0.0.0:2012) was started
2017-04-24 21:33:51,391 [13252] DEBUG DefaultBootstrap - The PerformanceMonitor has been started!
2017-04-24 22:04:10,821 [3420] DEBUG DefaultBootstrap - The server instance GameService has been created!
2017-04-24 22:04:10,859 [3420] DEBUG DefaultBootstrap - The server instance GameService has been initialized!
2017-04-24 22:04:13,315 [3420] DEBUG DefaultBootstrap - The PerformanceMonitor has been initialized!
2017-04-24 22:04:13,315 [3420] DEBUG DefaultBootstrap - The Bootstrap has been initialized!
2017-04-24 22:04:13,332 [3420] DEBUG GameService - Listener (0.0.0.0:2012) was started
2017-04-24 22:04:13,338 [3420] DEBUG DefaultBootstrap - The PerformanceMonitor has been started!
